<?xml version="1.0" encoding="UTF-8"?>
<!-- Generated by org.testng.reporters.JUnitReportReporter -->
<testsuite hostname="DESKTOP-OTGNRE8" failures="0" tests="1" name="com.Mohs10.TestScripts.Pharmacy_Superadmin" time="33.648" errors="0" timestamp="2024-01-05T18:32:31 IST" skipped="0">
  <testcase classname="com.Mohs10.TestScripts.Pharmacy_Superadmin" name="PharmacyLoginTestcase" time="33.648"/>
  <system-out/>
</testsuite> <!-- com.Mohs10.TestScripts.Pharmacy_Superadmin -->
